mode: atomic
github.com/ZergsLaw/back-template/cmd/session/client/client.go:35.119,44.16 4 17
github.com/ZergsLaw/back-template/cmd/session/client/client.go:44.16,46.3 1 0
github.com/ZergsLaw/back-template/cmd/session/client/client.go:48.2,48.65 1 17
github.com/ZergsLaw/back-template/cmd/session/client/client.go:71.19,78.16 2 5
github.com/ZergsLaw/back-template/cmd/session/client/client.go:78.16,80.3 1 4
github.com/ZergsLaw/back-template/cmd/session/client/client.go:82.2,82.38 1 1
github.com/ZergsLaw/back-template/cmd/session/client/client.go:86.75,90.16 2 6
github.com/ZergsLaw/back-template/cmd/session/client/client.go:90.16,92.3 1 5
github.com/ZergsLaw/back-template/cmd/session/client/client.go:94.2,95.16 2 1
github.com/ZergsLaw/back-template/cmd/session/client/client.go:95.16,97.3 1 0
github.com/ZergsLaw/back-template/cmd/session/client/client.go:99.2,100.16 2 1
github.com/ZergsLaw/back-template/cmd/session/client/client.go:100.16,102.3 1 0
github.com/ZergsLaw/back-template/cmd/session/client/client.go:104.2,108.8 1 1
github.com/ZergsLaw/back-template/cmd/session/client/client.go:112.73,116.16 2 6
github.com/ZergsLaw/back-template/cmd/session/client/client.go:116.16,118.3 1 5
github.com/ZergsLaw/back-template/cmd/session/client/client.go:120.2,120.12 1 1
github.com/ZergsLaw/back-template/cmd/session/client/client.go:123.36,124.9 1 14
github.com/ZergsLaw/back-template/cmd/session/client/client.go:125.42,126.48 1 2
github.com/ZergsLaw/back-template/cmd/session/client/client.go:127.50,128.61 1 3
github.com/ZergsLaw/back-template/cmd/session/client/client.go:129.42,130.53 1 3
github.com/ZergsLaw/back-template/cmd/session/client/client.go:131.49,132.55 1 3
github.com/ZergsLaw/back-template/cmd/session/client/client.go:133.10,135.10 2 3
github.com/ZergsLaw/back-template/cmd/session/client/client.go:135.10,137.4 1 0
github.com/ZergsLaw/back-template/cmd/session/client/client.go:139.3,139.57 1 3
github.com/ZergsLaw/back-template/cmd/session/internal/auth/auth.go:23.34,27.2 1 1
github.com/ZergsLaw/back-template/cmd/session/internal/auth/auth.go:34.61,40.16 3 1
github.com/ZergsLaw/back-template/cmd/session/internal/auth/auth.go:40.16,42.3 1 0
github.com/ZergsLaw/back-template/cmd/session/internal/auth/auth.go:44.2,48.17 2 1
github.com/ZergsLaw/back-template/cmd/session/internal/auth/auth.go:52.57,56.16 3 1
github.com/ZergsLaw/back-template/cmd/session/internal/auth/auth.go:56.16,58.3 1 0
github.com/ZergsLaw/back-template/cmd/session/internal/auth/auth.go:60.2,60.25 1 1
github.com/ZergsLaw/back-template/cmd/session/internal/app/app.go:13.47,20.2 1 10
github.com/ZergsLaw/back-template/cmd/session/internal/app/handlers.go:13.119,16.16 3 3
github.com/ZergsLaw/back-template/cmd/session/internal/app/handlers.go:16.16,18.3 1 1
github.com/ZergsLaw/back-template/cmd/session/internal/app/handlers.go:20.2,29.16 3 2
github.com/ZergsLaw/back-template/cmd/session/internal/app/handlers.go:29.16,31.3 1 1
github.com/ZergsLaw/back-template/cmd/session/internal/app/handlers.go:33.2,33.19 1 1
github.com/ZergsLaw/back-template/cmd/session/internal/app/handlers.go:37.76,39.16 2 3
github.com/ZergsLaw/back-template/cmd/session/internal/app/handlers.go:39.16,41.3 1 1
github.com/ZergsLaw/back-template/cmd/session/internal/app/handlers.go:43.2,44.16 2 2
github.com/ZergsLaw/back-template/cmd/session/internal/app/handlers.go:44.16,46.3 1 1
github.com/ZergsLaw/back-template/cmd/session/internal/app/handlers.go:48.2,48.21 1 1
github.com/ZergsLaw/back-template/cmd/session/internal/app/handlers.go:52.70,54.16 2 3
github.com/ZergsLaw/back-template/cmd/session/internal/app/handlers.go:54.16,56.3 1 1
github.com/ZergsLaw/back-template/cmd/session/internal/app/handlers.go:58.2,58.42 1 2
github.com/ZergsLaw/back-template/cmd/session/internal/app/process.go:13.50,16.6 2 1
github.com/ZergsLaw/back-template/cmd/session/internal/app/process.go:16.6,18.10 2 3
github.com/ZergsLaw/back-template/cmd/session/internal/app/process.go:19.21,20.14 1 1
github.com/ZergsLaw/back-template/cmd/session/internal/app/process.go:21.43,22.40 1 2
github.com/ZergsLaw/back-template/cmd/session/internal/app/process.go:24.3,24.17 1 2
github.com/ZergsLaw/back-template/cmd/session/internal/app/process.go:24.17,27.12 2 1
github.com/ZergsLaw/back-template/cmd/session/internal/app/process.go:32.92,34.9 2 2
github.com/ZergsLaw/back-template/cmd/session/internal/app/process.go:35.36,35.36 0 0
github.com/ZergsLaw/back-template/cmd/session/internal/app/process.go:37.18,40.55 2 1
github.com/ZergsLaw/back-template/cmd/session/internal/app/process.go:43.2,45.12 2 1
github.com/ZergsLaw/back-template/cmd/session/internal/api/grpc.go:35.124,49.2 7 7
github.com/ZergsLaw/back-template/cmd/session/internal/api/grpc.go:51.41,52.16 1 4
github.com/ZergsLaw/back-template/cmd/session/internal/api/grpc.go:52.16,54.3 1 0
github.com/ZergsLaw/back-template/cmd/session/internal/api/grpc.go:56.2,57.9 2 4
github.com/ZergsLaw/back-template/cmd/session/internal/api/grpc.go:58.39,59.24 1 1
github.com/ZergsLaw/back-template/cmd/session/internal/api/grpc.go:60.43,61.31 1 0
github.com/ZergsLaw/back-template/cmd/session/internal/api/grpc.go:62.48,63.32 1 0
github.com/ZergsLaw/back-template/cmd/session/internal/api/grpc.go:64.40,65.24 1 0
github.com/ZergsLaw/back-template/cmd/session/internal/api/grpc.go:68.2,68.38 1 4
github.com/ZergsLaw/back-template/cmd/session/internal/api/handlers.go:16.92,18.16 2 2
github.com/ZergsLaw/back-template/cmd/session/internal/api/handlers.go:18.16,20.3 1 0
github.com/ZergsLaw/back-template/cmd/session/internal/api/handlers.go:22.2,26.16 2 2
github.com/ZergsLaw/back-template/cmd/session/internal/api/handlers.go:26.16,28.3 1 1
github.com/ZergsLaw/back-template/cmd/session/internal/api/handlers.go:30.2,30.50 1 1
github.com/ZergsLaw/back-template/cmd/session/internal/api/handlers.go:34.89,36.16 2 2
github.com/ZergsLaw/back-template/cmd/session/internal/api/handlers.go:36.16,38.3 1 1
github.com/ZergsLaw/back-template/cmd/session/internal/api/handlers.go:40.2,44.8 1 1
github.com/ZergsLaw/back-template/cmd/session/internal/api/handlers.go:48.98,50.16 2 3
github.com/ZergsLaw/back-template/cmd/session/internal/api/handlers.go:50.16,52.3 1 0
github.com/ZergsLaw/back-template/cmd/session/internal/api/handlers.go:54.2,55.16 2 3
github.com/ZergsLaw/back-template/cmd/session/internal/api/handlers.go:55.16,57.3 1 2
github.com/ZergsLaw/back-template/cmd/session/internal/api/handlers.go:59.2,59.34 1 1
github.com/ZergsLaw/back-template/cmd/user/internal/api/grpc/auth.go:15.101,17.21 2 27
github.com/ZergsLaw/back-template/cmd/user/internal/api/grpc/auth.go:17.21,19.3 1 8
github.com/ZergsLaw/back-template/cmd/user/internal/api/grpc/auth.go:21.2,22.16 2 19
github.com/ZergsLaw/back-template/cmd/user/internal/api/grpc/auth.go:22.16,24.3 1 0
github.com/ZergsLaw/back-template/cmd/user/internal/api/grpc/auth.go:26.2,27.16 2 19
github.com/ZergsLaw/back-template/cmd/user/internal/api/grpc/auth.go:27.16,29.3 1 0
github.com/ZergsLaw/back-template/cmd/user/internal/api/grpc/auth.go:31.2,31.50 1 19
github.com/ZergsLaw/back-template/cmd/user/internal/api/grpc/converts.go:9.39,18.2 1 7
github.com/ZergsLaw/back-template/cmd/user/internal/api/grpc/converts.go:20.55,25.2 1 0
github.com/ZergsLaw/back-template/cmd/user/internal/api/grpc/grpc.go:52.133,83.2 7 27
github.com/ZergsLaw/back-template/cmd/user/internal/api/grpc/grpc.go:85.62,87.9 2 2
github.com/ZergsLaw/back-template/cmd/user/internal/api/grpc/grpc.go:87.9,89.3 1 0
github.com/ZergsLaw/back-template/cmd/user/internal/api/grpc/grpc.go:91.2,92.9 2 2
github.com/ZergsLaw/back-template/cmd/user/internal/api/grpc/grpc.go:92.9,94.3 1 0
github.com/ZergsLaw/back-template/cmd/user/internal/api/grpc/grpc.go:96.2,97.16 2 2
github.com/ZergsLaw/back-template/cmd/user/internal/api/grpc/grpc.go:97.16,99.3 1 0
github.com/ZergsLaw/back-template/cmd/user/internal/api/grpc/grpc.go:101.2,102.27 2 2
github.com/ZergsLaw/back-template/cmd/user/internal/api/grpc/grpc.go:102.27,104.3 1 2
github.com/ZergsLaw/back-template/cmd/user/internal/api/grpc/grpc.go:106.2,109.8 1 2
github.com/ZergsLaw/back-template/cmd/user/internal/api/grpc/grpc.go:112.41,113.16 1 13
github.com/ZergsLaw/back-template/cmd/user/internal/api/grpc/grpc.go:113.16,115.3 1 0
github.com/ZergsLaw/back-template/cmd/user/internal/api/grpc/grpc.go:117.2,118.9 2 13
github.com/ZergsLaw/back-template/cmd/user/internal/api/grpc/grpc.go:119.42,120.31 1 0
github.com/ZergsLaw/back-template/cmd/user/internal/api/grpc/grpc.go:121.41,122.29 1 0
github.com/ZergsLaw/back-template/cmd/user/internal/api/grpc/grpc.go:123.44,124.29 1 0
github.com/ZergsLaw/back-template/cmd/user/internal/api/grpc/grpc.go:125.43,126.32 1 0
github.com/ZergsLaw/back-template/cmd/user/internal/api/grpc/grpc.go:127.39,128.24 1 2
github.com/ZergsLaw/back-template/cmd/user/internal/api/grpc/grpc.go:129.43,130.31 1 0
github.com/ZergsLaw/back-template/cmd/user/internal/api/grpc/grpc.go:131.46,132.31 1 0
github.com/ZergsLaw/back-template/cmd/user/internal/api/grpc/grpc.go:133.48,134.32 1 0
github.com/ZergsLaw/back-template/cmd/user/internal/api/grpc/grpc.go:135.40,136.24 1 0
github.com/ZergsLaw/back-template/cmd/user/internal/api/grpc/grpc.go:139.2,139.38 1 13
github.com/ZergsLaw/back-template/cmd/user/internal/api/grpc/handlers.go:28.141,30.16 2 2
github.com/ZergsLaw/back-template/cmd/user/internal/api/grpc/handlers.go:30.16,32.3 1 1
github.com/ZergsLaw/back-template/cmd/user/internal/api/grpc/handlers.go:34.2,34.50 1 1
github.com/ZergsLaw/back-template/cmd/user/internal/api/grpc/handlers.go:38.150,40.16 2 2
github.com/ZergsLaw/back-template/cmd/user/internal/api/grpc/handlers.go:40.16,42.3 1 1
github.com/ZergsLaw/back-template/cmd/user/internal/api/grpc/handlers.go:44.2,44.53 1 1
github.com/ZergsLaw/back-template/cmd/user/internal/api/grpc/handlers.go:48.120,50.16 2 2
github.com/ZergsLaw/back-template/cmd/user/internal/api/grpc/handlers.go:50.16,52.3 1 1
github.com/ZergsLaw/back-template/cmd/user/internal/api/grpc/handlers.go:54.2,54.58 1 1
github.com/ZergsLaw/back-template/cmd/user/internal/api/grpc/handlers.go:58.105,60.16 2 2
github.com/ZergsLaw/back-template/cmd/user/internal/api/grpc/handlers.go:60.16,62.3 1 0
github.com/ZergsLaw/back-template/cmd/user/internal/api/grpc/handlers.go:64.2,65.16 2 2
github.com/ZergsLaw/back-template/cmd/user/internal/api/grpc/handlers.go:65.16,67.3 1 1
github.com/ZergsLaw/back-template/cmd/user/internal/api/grpc/handlers.go:69.2,70.16 2 1
github.com/ZergsLaw/back-template/cmd/user/internal/api/grpc/handlers.go:70.16,72.3 1 0
github.com/ZergsLaw/back-template/cmd/user/internal/api/grpc/handlers.go:74.2,74.61 1 1
github.com/ZergsLaw/back-template/cmd/user/internal/api/grpc/handlers.go:78.102,80.24 2 2
github.com/ZergsLaw/back-template/cmd/user/internal/api/grpc/handlers.go:80.24,82.3 1 0
github.com/ZergsLaw/back-template/cmd/user/internal/api/grpc/handlers.go:84.2,85.16 2 2
github.com/ZergsLaw/back-template/cmd/user/internal/api/grpc/handlers.go:85.16,87.3 1 1
github.com/ZergsLaw/back-template/cmd/user/internal/api/grpc/handlers.go:89.2,89.39 1 1
github.com/ZergsLaw/back-template/cmd/user/internal/api/grpc/handlers.go:93.111,95.24 2 3
github.com/ZergsLaw/back-template/cmd/user/internal/api/grpc/handlers.go:95.24,97.3 1 0
github.com/ZergsLaw/back-template/cmd/user/internal/api/grpc/handlers.go:99.2,101.16 3 3
github.com/ZergsLaw/back-template/cmd/user/internal/api/grpc/handlers.go:101.16,103.3 1 1
github.com/ZergsLaw/back-template/cmd/user/internal/api/grpc/handlers.go:105.2,105.59 1 2
github.com/ZergsLaw/back-template/cmd/user/internal/api/grpc/handlers.go:109.123,111.24 2 3
github.com/ZergsLaw/back-template/cmd/user/internal/api/grpc/handlers.go:111.24,113.3 1 0
github.com/ZergsLaw/back-template/cmd/user/internal/api/grpc/handlers.go:115.2,124.16 2 3
github.com/ZergsLaw/back-template/cmd/user/internal/api/grpc/handlers.go:124.16,126.3 1 1
github.com/ZergsLaw/back-template/cmd/user/internal/api/grpc/handlers.go:128.2,129.23 2 2
github.com/ZergsLaw/back-template/cmd/user/internal/api/grpc/handlers.go:129.23,131.3 1 2
github.com/ZergsLaw/back-template/cmd/user/internal/api/grpc/handlers.go:133.2,133.79 1 2
github.com/ZergsLaw/back-template/cmd/user/internal/api/grpc/handlers.go:137.132,139.24 2 3
github.com/ZergsLaw/back-template/cmd/user/internal/api/grpc/handlers.go:139.24,141.3 1 0
github.com/ZergsLaw/back-template/cmd/user/internal/api/grpc/handlers.go:143.2,144.16 2 3
github.com/ZergsLaw/back-template/cmd/user/internal/api/grpc/handlers.go:144.16,146.3 1 1
github.com/ZergsLaw/back-template/cmd/user/internal/api/grpc/handlers.go:148.2,148.47 1 2
github.com/ZergsLaw/back-template/cmd/user/internal/api/grpc/handlers.go:152.120,154.24 2 3
github.com/ZergsLaw/back-template/cmd/user/internal/api/grpc/handlers.go:154.24,156.3 1 0
github.com/ZergsLaw/back-template/cmd/user/internal/api/grpc/handlers.go:158.2,159.16 2 3
github.com/ZergsLaw/back-template/cmd/user/internal/api/grpc/handlers.go:159.16,161.3 1 2
github.com/ZergsLaw/back-template/cmd/user/internal/api/grpc/handlers.go:163.2,163.43 1 1
github.com/ZergsLaw/back-template/cmd/user/internal/api/grpc/handlers.go:167.126,169.24 2 3
github.com/ZergsLaw/back-template/cmd/user/internal/api/grpc/handlers.go:169.24,171.3 1 0
github.com/ZergsLaw/back-template/cmd/user/internal/api/grpc/handlers.go:173.2,174.16 2 3
github.com/ZergsLaw/back-template/cmd/user/internal/api/grpc/handlers.go:174.16,176.3 1 2
github.com/ZergsLaw/back-template/cmd/user/internal/api/grpc/handlers.go:178.2,178.45 1 1
github.com/ZergsLaw/back-template/cmd/user/internal/api/grpc/handlers.go:182.126,184.24 2 0
github.com/ZergsLaw/back-template/cmd/user/internal/api/grpc/handlers.go:184.24,186.3 1 0
github.com/ZergsLaw/back-template/cmd/user/internal/api/grpc/handlers.go:188.2,189.16 2 0
github.com/ZergsLaw/back-template/cmd/user/internal/api/grpc/handlers.go:189.16,191.3 1 0
github.com/ZergsLaw/back-template/cmd/user/internal/api/grpc/handlers.go:193.2,194.28 2 0
github.com/ZergsLaw/back-template/cmd/user/internal/api/grpc/handlers.go:194.28,196.3 1 0
github.com/ZergsLaw/back-template/cmd/user/internal/api/grpc/handlers.go:198.2,198.65 1 0
github.com/ZergsLaw/back-template/cmd/user/internal/api/grpc/handlers.go:201.129,203.24 2 2
github.com/ZergsLaw/back-template/cmd/user/internal/api/grpc/handlers.go:203.24,205.3 1 0
github.com/ZergsLaw/back-template/cmd/user/internal/api/grpc/handlers.go:207.2,209.29 2 2
github.com/ZergsLaw/back-template/cmd/user/internal/api/grpc/handlers.go:209.29,211.17 2 6
github.com/ZergsLaw/back-template/cmd/user/internal/api/grpc/handlers.go:211.17,213.4 1 0
github.com/ZergsLaw/back-template/cmd/user/internal/api/grpc/handlers.go:215.3,215.14 1 6
github.com/ZergsLaw/back-template/cmd/user/internal/api/grpc/handlers.go:218.2,219.16 2 2
github.com/ZergsLaw/back-template/cmd/user/internal/api/grpc/handlers.go:219.16,221.3 1 1
github.com/ZergsLaw/back-template/cmd/user/internal/api/grpc/handlers.go:223.2,224.23 2 1
github.com/ZergsLaw/back-template/cmd/user/internal/api/grpc/handlers.go:224.23,226.3 1 3
github.com/ZergsLaw/back-template/cmd/user/internal/api/grpc/handlers.go:228.2,230.8 1 1
github.com/ZergsLaw/back-template/cmd/user/internal/api/http/handlers.go:21.68,23.24 2 0
github.com/ZergsLaw/back-template/cmd/user/internal/api/http/handlers.go:23.24,27.3 2 0
github.com/ZergsLaw/back-template/cmd/user/internal/api/http/handlers.go:29.2,30.16 2 0
github.com/ZergsLaw/back-template/cmd/user/internal/api/http/handlers.go:30.16,34.3 2 0
github.com/ZergsLaw/back-template/cmd/user/internal/api/http/handlers.go:35.2,35.15 1 0
github.com/ZergsLaw/back-template/cmd/user/internal/api/http/handlers.go:35.15,37.17 2 0
github.com/ZergsLaw/back-template/cmd/user/internal/api/http/handlers.go:37.17,39.4 1 0
github.com/ZergsLaw/back-template/cmd/user/internal/api/http/handlers.go:42.2,42.35 1 0
github.com/ZergsLaw/back-template/cmd/user/internal/api/http/handlers.go:42.35,46.3 2 0
github.com/ZergsLaw/back-template/cmd/user/internal/api/http/handlers.go:48.2,50.16 3 0
github.com/ZergsLaw/back-template/cmd/user/internal/api/http/handlers.go:50.16,54.3 2 0
github.com/ZergsLaw/back-template/cmd/user/internal/api/http/handlers.go:55.2,56.16 2 0
github.com/ZergsLaw/back-template/cmd/user/internal/api/http/handlers.go:56.16,60.3 2 0
github.com/ZergsLaw/back-template/cmd/user/internal/api/http/handlers.go:61.2,71.9 4 0
github.com/ZergsLaw/back-template/cmd/user/internal/api/http/handlers.go:72.18,78.9 3 0
github.com/ZergsLaw/back-template/cmd/user/internal/api/http/handlers.go:79.49,82.9 2 0
github.com/ZergsLaw/back-template/cmd/user/internal/api/http/handlers.go:83.10,86.9 2 0
github.com/ZergsLaw/back-template/cmd/user/internal/api/http/handlers.go:90.70,92.24 2 0
github.com/ZergsLaw/back-template/cmd/user/internal/api/http/handlers.go:92.24,96.3 2 0
github.com/ZergsLaw/back-template/cmd/user/internal/api/http/handlers.go:98.2,100.24 3 0
github.com/ZergsLaw/back-template/cmd/user/internal/api/http/handlers.go:100.24,104.3 2 0
github.com/ZergsLaw/back-template/cmd/user/internal/api/http/handlers.go:106.2,107.9 2 0
github.com/ZergsLaw/back-template/cmd/user/internal/api/http/handlers.go:108.18,110.16 2 0
github.com/ZergsLaw/back-template/cmd/user/internal/api/http/handlers.go:110.16,112.18 2 0
github.com/ZergsLaw/back-template/cmd/user/internal/api/http/handlers.go:112.18,114.5 1 0
github.com/ZergsLaw/back-template/cmd/user/internal/api/http/handlers.go:117.3,117.9 1 0
github.com/ZergsLaw/back-template/cmd/user/internal/api/http/handlers.go:118.39,121.9 2 0
github.com/ZergsLaw/back-template/cmd/user/internal/api/http/handlers.go:122.10,125.9 2 0
github.com/ZergsLaw/back-template/cmd/user/internal/api/http/handlers.go:129.80,132.16 3 0
github.com/ZergsLaw/back-template/cmd/user/internal/api/http/handlers.go:132.16,136.3 2 0
github.com/ZergsLaw/back-template/cmd/user/internal/api/http/handlers.go:139.90,141.56 2 0
github.com/ZergsLaw/back-template/cmd/user/internal/api/http/handlers.go:141.56,145.3 2 0
github.com/ZergsLaw/back-template/cmd/user/internal/api/http/http.go:36.70,55.2 7 0
github.com/ZergsLaw/back-template/cmd/user/internal/api/http/middleware.go:22.57,23.46 1 0
github.com/ZergsLaw/back-template/cmd/user/internal/api/http/middleware.go:23.46,24.72 1 0
github.com/ZergsLaw/back-template/cmd/user/internal/api/http/middleware.go:24.72,39.48 6 0
github.com/ZergsLaw/back-template/cmd/user/internal/api/http/middleware.go:39.48,44.5 3 0
github.com/ZergsLaw/back-template/cmd/user/internal/api/http/middleware.go:46.4,46.39 1 0
github.com/ZergsLaw/back-template/cmd/user/internal/api/http/middleware.go:46.39,51.5 3 0
github.com/ZergsLaw/back-template/cmd/user/internal/api/http/middleware.go:52.4,52.27 1 0
github.com/ZergsLaw/back-template/cmd/user/internal/api/http/middleware.go:58.53,59.46 1 0
github.com/ZergsLaw/back-template/cmd/user/internal/api/http/middleware.go:59.46,60.72 1 0
github.com/ZergsLaw/back-template/cmd/user/internal/api/http/middleware.go:60.72,61.17 1 0
github.com/ZergsLaw/back-template/cmd/user/internal/api/http/middleware.go:61.17,62.37 1 0
github.com/ZergsLaw/back-template/cmd/user/internal/api/http/middleware.go:62.37,76.20 5 0
github.com/ZergsLaw/back-template/cmd/user/internal/api/http/middleware.go:76.20,80.7 2 0
github.com/ZergsLaw/back-template/cmd/user/internal/api/http/middleware.go:82.6,84.30 3 0
github.com/ZergsLaw/back-template/cmd/user/internal/api/http/middleware.go:87.4,87.24 1 0
github.com/ZergsLaw/back-template/cmd/user/internal/api/http/middleware.go:92.58,93.46 1 0
github.com/ZergsLaw/back-template/cmd/user/internal/api/http/middleware.go:93.46,94.72 1 0
github.com/ZergsLaw/back-template/cmd/user/internal/api/http/middleware.go:94.72,96.19 2 0
github.com/ZergsLaw/back-template/cmd/user/internal/api/http/middleware.go:96.19,100.5 2 0
github.com/ZergsLaw/back-template/cmd/user/internal/api/http/middleware.go:102.4,104.32 3 0
github.com/ZergsLaw/back-template/cmd/user/internal/api/http/middleware.go:104.32,108.5 2 0
github.com/ZergsLaw/back-template/cmd/user/internal/api/http/middleware.go:109.4,109.45 1 0
github.com/ZergsLaw/back-template/cmd/user/internal/api/http/middleware.go:109.45,113.5 2 0
github.com/ZergsLaw/back-template/cmd/user/internal/api/http/middleware.go:115.4,116.18 2 0
github.com/ZergsLaw/back-template/cmd/user/internal/api/http/middleware.go:116.18,120.5 2 0
github.com/ZergsLaw/back-template/cmd/user/internal/api/http/middleware.go:122.4,122.82 1 0
github.com/ZergsLaw/back-template/cmd/user/internal/app/app.go:14.74,22.2 1 51
github.com/ZergsLaw/back-template/cmd/user/internal/app/domain.go:113.46,114.16 1 9
github.com/ZergsLaw/back-template/cmd/user/internal/app/domain.go:117.84,118.13 1 8
github.com/ZergsLaw/back-template/cmd/user/internal/app/domain.go:119.10,120.31 1 1
github.com/ZergsLaw/back-template/cmd/user/internal/app/file_handlers.go:19.113,20.56 1 10
github.com/ZergsLaw/back-template/cmd/user/internal/app/file_handlers.go:20.56,22.3 1 2
github.com/ZergsLaw/back-template/cmd/user/internal/app/file_handlers.go:24.2,24.45 1 8
github.com/ZergsLaw/back-template/cmd/user/internal/app/file_handlers.go:24.45,26.10 2 8
github.com/ZergsLaw/back-template/cmd/user/internal/app/file_handlers.go:27.11,28.56 1 1
github.com/ZergsLaw/back-template/cmd/user/internal/app/file_handlers.go:29.50,29.50 0 7
github.com/ZergsLaw/back-template/cmd/user/internal/app/file_handlers.go:32.3,32.36 1 7
github.com/ZergsLaw/back-template/cmd/user/internal/app/file_handlers.go:32.36,34.4 1 1
github.com/ZergsLaw/back-template/cmd/user/internal/app/file_handlers.go:36.3,37.17 2 6
github.com/ZergsLaw/back-template/cmd/user/internal/app/file_handlers.go:37.17,39.4 1 1
github.com/ZergsLaw/back-template/cmd/user/internal/app/file_handlers.go:41.3,45.56 2 5
github.com/ZergsLaw/back-template/cmd/user/internal/app/file_handlers.go:45.56,47.4 1 1
github.com/ZergsLaw/back-template/cmd/user/internal/app/file_handlers.go:49.3,50.17 2 4
github.com/ZergsLaw/back-template/cmd/user/internal/app/file_handlers.go:50.17,52.4 1 1
github.com/ZergsLaw/back-template/cmd/user/internal/app/file_handlers.go:53.3,56.17 3 3
github.com/ZergsLaw/back-template/cmd/user/internal/app/file_handlers.go:56.17,58.4 1 1
github.com/ZergsLaw/back-template/cmd/user/internal/app/file_handlers.go:60.3,60.13 1 2
github.com/ZergsLaw/back-template/cmd/user/internal/app/file_handlers.go:62.2,62.16 1 8
github.com/ZergsLaw/back-template/cmd/user/internal/app/file_handlers.go:62.16,64.3 1 6
github.com/ZergsLaw/back-template/cmd/user/internal/app/file_handlers.go:66.2,66.22 1 2
github.com/ZergsLaw/back-template/cmd/user/internal/app/file_handlers.go:70.94,72.16 2 8
github.com/ZergsLaw/back-template/cmd/user/internal/app/file_handlers.go:72.16,74.3 1 1
github.com/ZergsLaw/back-template/cmd/user/internal/app/file_handlers.go:76.2,76.41 1 7
github.com/ZergsLaw/back-template/cmd/user/internal/app/file_handlers.go:76.41,78.3 1 1
github.com/ZergsLaw/back-template/cmd/user/internal/app/file_handlers.go:80.2,80.46 1 6
github.com/ZergsLaw/back-template/cmd/user/internal/app/file_handlers.go:80.46,81.71 1 6
github.com/ZergsLaw/back-template/cmd/user/internal/app/file_handlers.go:81.71,83.4 1 1
github.com/ZergsLaw/back-template/cmd/user/internal/app/file_handlers.go:85.3,85.55 1 5
github.com/ZergsLaw/back-template/cmd/user/internal/app/file_handlers.go:85.55,87.4 1 1
github.com/ZergsLaw/back-template/cmd/user/internal/app/file_handlers.go:89.3,90.17 2 4
github.com/ZergsLaw/back-template/cmd/user/internal/app/file_handlers.go:90.17,92.4 1 1
github.com/ZergsLaw/back-template/cmd/user/internal/app/file_handlers.go:94.3,95.28 2 3
github.com/ZergsLaw/back-template/cmd/user/internal/app/file_handlers.go:95.28,97.4 1 3
github.com/ZergsLaw/back-template/cmd/user/internal/app/file_handlers.go:99.3,100.17 2 3
github.com/ZergsLaw/back-template/cmd/user/internal/app/file_handlers.go:100.17,102.4 1 1
github.com/ZergsLaw/back-template/cmd/user/internal/app/file_handlers.go:103.3,106.17 3 2
github.com/ZergsLaw/back-template/cmd/user/internal/app/file_handlers.go:106.17,108.4 1 1
github.com/ZergsLaw/back-template/cmd/user/internal/app/file_handlers.go:110.3,110.13 1 1
github.com/ZergsLaw/back-template/cmd/user/internal/app/file_handlers.go:115.95,117.2 1 0
github.com/ZergsLaw/back-template/cmd/user/internal/app/file_handlers.go:120.94,122.16 2 5
github.com/ZergsLaw/back-template/cmd/user/internal/app/file_handlers.go:122.16,124.3 1 2
github.com/ZergsLaw/back-template/cmd/user/internal/app/file_handlers.go:126.2,127.16 2 3
github.com/ZergsLaw/back-template/cmd/user/internal/app/file_handlers.go:127.16,129.3 1 2
github.com/ZergsLaw/back-template/cmd/user/internal/app/file_handlers.go:131.2,131.18 1 1
github.com/ZergsLaw/back-template/cmd/user/internal/app/file_handlers.go:134.47,138.35 3 10
github.com/ZergsLaw/back-template/cmd/user/internal/app/file_handlers.go:138.35,140.3 1 1
github.com/ZergsLaw/back-template/cmd/user/internal/app/file_handlers.go:142.2,142.71 1 9
github.com/ZergsLaw/back-template/cmd/user/internal/app/file_handlers.go:142.71,144.3 1 1
github.com/ZergsLaw/back-template/cmd/user/internal/app/file_handlers.go:146.2,146.12 1 8
github.com/ZergsLaw/back-template/cmd/user/internal/app/handlers.go:15.74,18.9 3 3
github.com/ZergsLaw/back-template/cmd/user/internal/app/handlers.go:19.35,20.13 1 1
github.com/ZergsLaw/back-template/cmd/user/internal/app/handlers.go:21.18,22.23 1 1
github.com/ZergsLaw/back-template/cmd/user/internal/app/handlers.go:23.10,24.47 1 1
github.com/ZergsLaw/back-template/cmd/user/internal/app/handlers.go:29.80,31.9 2 3
github.com/ZergsLaw/back-template/cmd/user/internal/app/handlers.go:32.35,33.13 1 1
github.com/ZergsLaw/back-template/cmd/user/internal/app/handlers.go:34.18,35.26 1 1
github.com/ZergsLaw/back-template/cmd/user/internal/app/handlers.go:36.10,37.50 1 1
github.com/ZergsLaw/back-template/cmd/user/internal/app/handlers.go:42.121,44.16 2 5
github.com/ZergsLaw/back-template/cmd/user/internal/app/handlers.go:44.16,46.3 1 1
github.com/ZergsLaw/back-template/cmd/user/internal/app/handlers.go:47.2,49.45 2 4
github.com/ZergsLaw/back-template/cmd/user/internal/app/handlers.go:49.45,59.17 3 4
github.com/ZergsLaw/back-template/cmd/user/internal/app/handlers.go:59.17,61.4 1 1
github.com/ZergsLaw/back-template/cmd/user/internal/app/handlers.go:63.3,64.17 2 3
github.com/ZergsLaw/back-template/cmd/user/internal/app/handlers.go:64.17,66.4 1 1
github.com/ZergsLaw/back-template/cmd/user/internal/app/handlers.go:68.3,74.17 3 2
github.com/ZergsLaw/back-template/cmd/user/internal/app/handlers.go:74.17,76.4 1 1
github.com/ZergsLaw/back-template/cmd/user/internal/app/handlers.go:78.3,78.13 1 1
github.com/ZergsLaw/back-template/cmd/user/internal/app/handlers.go:80.2,80.16 1 4
github.com/ZergsLaw/back-template/cmd/user/internal/app/handlers.go:80.16,82.3 1 3
github.com/ZergsLaw/back-template/cmd/user/internal/app/handlers.go:84.2,84.20 1 1
github.com/ZergsLaw/back-template/cmd/user/internal/app/handlers.go:88.116,91.16 3 3
github.com/ZergsLaw/back-template/cmd/user/internal/app/handlers.go:91.16,93.3 1 1
github.com/ZergsLaw/back-template/cmd/user/internal/app/handlers.go:95.2,95.54 1 2
github.com/ZergsLaw/back-template/cmd/user/internal/app/handlers.go:95.54,97.3 1 1
github.com/ZergsLaw/back-template/cmd/user/internal/app/handlers.go:99.2,100.16 2 1
github.com/ZergsLaw/back-template/cmd/user/internal/app/handlers.go:100.16,102.3 1 0
github.com/ZergsLaw/back-template/cmd/user/internal/app/handlers.go:104.2,104.28 1 1
github.com/ZergsLaw/back-template/cmd/user/internal/app/handlers.go:108.99,109.24 1 2
github.com/ZergsLaw/back-template/cmd/user/internal/app/handlers.go:109.24,111.3 1 1
github.com/ZergsLaw/back-template/cmd/user/internal/app/handlers.go:113.2,113.33 1 2
github.com/ZergsLaw/back-template/cmd/user/internal/app/handlers.go:117.112,119.2 1 0
github.com/ZergsLaw/back-template/cmd/user/internal/app/handlers.go:122.70,124.2 1 0
github.com/ZergsLaw/back-template/cmd/user/internal/app/handlers.go:127.103,129.16 2 5
github.com/ZergsLaw/back-template/cmd/user/internal/app/handlers.go:129.16,131.3 1 1
github.com/ZergsLaw/back-template/cmd/user/internal/app/handlers.go:133.2,133.53 1 4
github.com/ZergsLaw/back-template/cmd/user/internal/app/handlers.go:133.53,135.3 1 1
github.com/ZergsLaw/back-template/cmd/user/internal/app/handlers.go:137.2,137.52 1 3
github.com/ZergsLaw/back-template/cmd/user/internal/app/handlers.go:137.52,139.3 1 1
github.com/ZergsLaw/back-template/cmd/user/internal/app/handlers.go:141.2,142.16 2 2
github.com/ZergsLaw/back-template/cmd/user/internal/app/handlers.go:142.16,144.3 1 1
github.com/ZergsLaw/back-template/cmd/user/internal/app/handlers.go:145.2,148.16 3 1
github.com/ZergsLaw/back-template/cmd/user/internal/app/handlers.go:148.16,150.3 1 0
github.com/ZergsLaw/back-template/cmd/user/internal/app/handlers.go:152.2,152.12 1 1
github.com/ZergsLaw/back-template/cmd/user/internal/app/handlers.go:156.77,158.2 1 0
github.com/ZergsLaw/back-template/cmd/user/internal/app/handlers.go:161.111,163.16 2 7
github.com/ZergsLaw/back-template/cmd/user/internal/app/handlers.go:163.16,165.3 1 2
github.com/ZergsLaw/back-template/cmd/user/internal/app/handlers.go:167.2,167.26 1 5
github.com/ZergsLaw/back-template/cmd/user/internal/app/handlers.go:167.26,169.3 1 1
github.com/ZergsLaw/back-template/cmd/user/internal/app/handlers.go:171.2,171.26 1 5
github.com/ZergsLaw/back-template/cmd/user/internal/app/handlers.go:171.26,173.17 2 4
github.com/ZergsLaw/back-template/cmd/user/internal/app/handlers.go:173.17,175.4 1 2
github.com/ZergsLaw/back-template/cmd/user/internal/app/handlers.go:178.2,189.16 3 3
github.com/ZergsLaw/back-template/cmd/user/internal/app/handlers.go:189.16,191.3 1 1
github.com/ZergsLaw/back-template/cmd/user/internal/app/handlers.go:193.2,193.12 1 2
github.com/ZergsLaw/back-template/cmd/user/internal/app/handlers.go:196.98,198.2 1 0
github.com/ZergsLaw/back-template/cmd/user/internal/app/process.go:14.50,27.6 5 0
github.com/ZergsLaw/back-template/cmd/user/internal/app/process.go:27.6,29.10 2 0
github.com/ZergsLaw/back-template/cmd/user/internal/app/process.go:30.21,31.14 1 0
github.com/ZergsLaw/back-template/cmd/user/internal/app/process.go:32.24,33.28 1 0
github.com/ZergsLaw/back-template/cmd/user/internal/app/process.go:34.26,35.53 1 0
github.com/ZergsLaw/back-template/cmd/user/internal/app/process.go:36.26,37.53 1 0
github.com/ZergsLaw/back-template/cmd/user/internal/app/process.go:38.29,39.56 1 0
github.com/ZergsLaw/back-template/cmd/user/internal/app/process.go:40.12,46.13 2 0
github.com/ZergsLaw/back-template/cmd/user/internal/app/process.go:48.4,48.18 1 0
github.com/ZergsLaw/back-template/cmd/user/internal/app/process.go:48.18,52.13 3 0
github.com/ZergsLaw/back-template/cmd/user/internal/app/process.go:55.4,55.17 1 0
github.com/ZergsLaw/back-template/cmd/user/internal/app/process.go:60.76,62.16 2 0
github.com/ZergsLaw/back-template/cmd/user/internal/app/process.go:62.16,64.3 1 0
github.com/ZergsLaw/back-template/cmd/user/internal/app/process.go:66.2,67.16 2 0
github.com/ZergsLaw/back-template/cmd/user/internal/app/process.go:67.16,69.3 1 0
github.com/ZergsLaw/back-template/cmd/user/internal/app/process.go:71.2,71.12 1 0
github.com/ZergsLaw/back-template/cmd/user/internal/app/process.go:74.76,76.16 2 0
github.com/ZergsLaw/back-template/cmd/user/internal/app/process.go:76.16,78.3 1 0
github.com/ZergsLaw/back-template/cmd/user/internal/app/process.go:80.2,81.16 2 0
github.com/ZergsLaw/back-template/cmd/user/internal/app/process.go:81.16,83.3 1 0
github.com/ZergsLaw/back-template/cmd/user/internal/app/process.go:85.2,85.12 1 0
github.com/ZergsLaw/back-template/cmd/user/internal/app/process.go:88.79,90.16 2 0
github.com/ZergsLaw/back-template/cmd/user/internal/app/process.go:90.16,92.3 1 0
github.com/ZergsLaw/back-template/cmd/user/internal/app/process.go:94.2,95.16 2 0
github.com/ZergsLaw/back-template/cmd/user/internal/app/process.go:95.16,97.3 1 0
github.com/ZergsLaw/back-template/cmd/user/internal/app/process.go:99.2,99.12 1 0
github.com/ZergsLaw/back-template/cmd/user/internal/app/process.go:102.99,115.6 5 0
github.com/ZergsLaw/back-template/cmd/user/internal/app/process.go:115.6,116.10 1 0
github.com/ZergsLaw/back-template/cmd/user/internal/app/process.go:117.21,118.10 1 0
github.com/ZergsLaw/back-template/cmd/user/internal/app/process.go:119.19,121.18 2 0
github.com/ZergsLaw/back-template/cmd/user/internal/app/process.go:121.18,124.13 2 0
github.com/ZergsLaw/back-template/cmd/user/internal/app/process.go:127.4,127.75 1 0
github.com/ZergsLaw/back-template/cmd/user/internal/app/process.go:127.75,128.12 1 0
github.com/ZergsLaw/back-template/cmd/user/internal/app/process.go:129.23,130.12 1 0
github.com/ZergsLaw/back-template/cmd/user/internal/app/process.go:131.23,131.23 0 0
github.com/ZergsLaw/back-template/cmd/user/internal/app/process.go:134.5,134.9 1 0
github.com/ZergsLaw/back-template/cmd/user/internal/app/process.go:134.9,135.13 1 0
github.com/ZergsLaw/back-template/cmd/user/internal/app/process.go:136.24,137.13 1 0
github.com/ZergsLaw/back-template/cmd/user/internal/app/process.go:138.26,139.40 1 0
github.com/ZergsLaw/back-template/cmd/user/internal/app/process.go:139.40,141.8 1 0
github.com/ZergsLaw/back-template/cmd/user/internal/app/process.go:143.7,143.14 1 0
github.com/ZergsLaw/back-template/cmd/user/internal/app/process.go:144.25,145.14 1 0
github.com/ZergsLaw/back-template/cmd/user/internal/app/process.go:146.25,146.25 0 0
github.com/ZergsLaw/back-template/cmd/user/internal/app/process.go:152.4,153.25 2 0
github.com/ZergsLaw/back-template/cmd/user/internal/app/process.go:153.25,157.5 2 0
github.com/ZergsLaw/back-template/cmd/user/internal/app/stringer.FileFormat.go:23.37,25.47 2 30
github.com/ZergsLaw/back-template/cmd/user/internal/app/stringer.FileFormat.go:25.47,27.3 1 0
github.com/ZergsLaw/back-template/cmd/user/internal/app/stringer.FileFormat.go:28.2,28.70 1 30
github.com/ZergsLaw/back-template/cmd/user/internal/app/stringer.SolutionStatus.go:20.41,22.55 2 0
github.com/ZergsLaw/back-template/cmd/user/internal/app/stringer.SolutionStatus.go:22.55,24.3 1 0
github.com/ZergsLaw/back-template/cmd/user/internal/app/stringer.SolutionStatus.go:25.2,25.82 1 0
github.com/ZergsLaw/back-template/cmd/user/internal/app/stringer.TaskKind.go:20.35,22.43 2 0
github.com/ZergsLaw/back-template/cmd/user/internal/app/stringer.TaskKind.go:22.43,24.3 1 0
github.com/ZergsLaw/back-template/cmd/user/internal/app/stringer.TaskKind.go:25.2,25.64 1 0
github.com/ZergsLaw/back-template/internal/dom/event.go:31.13,37.2 1 0
github.com/ZergsLaw/back-template/internal/dom/event.go:39.35,41.2 1 0
github.com/ZergsLaw/back-template/internal/dom/event.go:43.45,44.9 1 0
github.com/ZergsLaw/back-template/internal/dom/event.go:45.20,45.20 0 0
github.com/ZergsLaw/back-template/internal/dom/event.go:46.35,46.35 0 0
github.com/ZergsLaw/back-template/internal/dom/event.go:50.46,51.9 1 0
github.com/ZergsLaw/back-template/internal/dom/event.go:52.20,52.20 0 0
github.com/ZergsLaw/back-template/internal/dom/event.go:53.36,53.36 0 0
github.com/ZergsLaw/back-template/internal/dom/event.go:57.29,59.2 1 0
github.com/ZergsLaw/back-template/internal/dom/stringer.AcknowledgeKind.go:19.42,21.57 2 0
github.com/ZergsLaw/back-template/internal/dom/stringer.AcknowledgeKind.go:21.57,23.3 1 0
github.com/ZergsLaw/back-template/internal/dom/stringer.AcknowledgeKind.go:24.2,24.85 1 0
github.com/ZergsLaw/back-template/internal/dom/stringer.UserStatus.go:23.37,25.47 2 0
github.com/ZergsLaw/back-template/internal/dom/stringer.UserStatus.go:25.47,27.3 1 0
github.com/ZergsLaw/back-template/internal/dom/stringer.UserStatus.go:28.2,28.70 1 0
github.com/ZergsLaw/back-template/internal/dom/user_status.go:23.38,23.70 1 6
github.com/ZergsLaw/back-template/internal/dom/user_status.go:24.38,24.71 1 6
github.com/ZergsLaw/back-template/internal/dom/user_status.go:25.38,25.71 1 6
github.com/ZergsLaw/back-template/internal/dom/user_status.go:26.38,26.71 1 6
github.com/ZergsLaw/back-template/internal/dom/user_status.go:27.38,27.69 1 6
github.com/ZergsLaw/back-template/internal/dom/user_status.go:28.38,28.68 1 6
github.com/ZergsLaw/back-template/internal/dom/user_status.go:30.41,32.2 1 6
github.com/ZergsLaw/back-template/internal/dom/user_status.go:34.38,34.92 1 6
github.com/ZergsLaw/back-template/internal/dom/user_status.go:37.67,38.14 1 0
github.com/ZergsLaw/back-template/internal/dom/user_status.go:39.52,40.26 1 0
github.com/ZergsLaw/back-template/internal/dom/user_status.go:41.53,42.27 1 0
github.com/ZergsLaw/back-template/internal/dom/user_status.go:43.53,44.27 1 0
github.com/ZergsLaw/back-template/internal/dom/user_status.go:45.53,46.27 1 0
github.com/ZergsLaw/back-template/internal/dom/user_status.go:47.51,48.25 1 0
github.com/ZergsLaw/back-template/internal/dom/user_status.go:49.50,50.24 1 0
github.com/ZergsLaw/back-template/internal/dom/user_status.go:51.10,52.47 1 0
github.com/ZergsLaw/back-template/internal/dom/user_status.go:57.67,58.16 1 0
github.com/ZergsLaw/back-template/internal/dom/user_status.go:59.24,60.54 1 0
github.com/ZergsLaw/back-template/internal/dom/user_status.go:61.25,62.55 1 0
github.com/ZergsLaw/back-template/internal/dom/user_status.go:63.25,64.55 1 0
github.com/ZergsLaw/back-template/internal/dom/user_status.go:65.25,66.55 1 0
github.com/ZergsLaw/back-template/internal/dom/user_status.go:67.23,68.53 1 0
github.com/ZergsLaw/back-template/internal/dom/user_status.go:69.22,70.52 1 0
github.com/ZergsLaw/back-template/internal/dom/user_status.go:71.10,72.51 1 0
github.com/ZergsLaw/back-template/internal/adapters/session/context.go:12.76,14.2 1 0
github.com/ZergsLaw/back-template/internal/adapters/session/context.go:17.52,19.9 2 0
github.com/ZergsLaw/back-template/internal/adapters/session/context.go:19.9,21.3 1 0
github.com/ZergsLaw/back-template/internal/adapters/session/context.go:23.2,23.10 1 0
github.com/ZergsLaw/back-template/internal/adapters/session/session.go:27.69,32.2 1 6
github.com/ZergsLaw/back-template/internal/adapters/session/session.go:35.124,37.16 2 2
github.com/ZergsLaw/back-template/internal/adapters/session/session.go:37.16,39.3 1 1
github.com/ZergsLaw/back-template/internal/adapters/session/session.go:41.2,41.42 1 1
github.com/ZergsLaw/back-template/internal/adapters/session/session.go:45.79,47.16 2 2
github.com/ZergsLaw/back-template/internal/adapters/session/session.go:47.16,49.3 1 1
github.com/ZergsLaw/back-template/internal/adapters/session/session.go:51.2,55.8 1 1
github.com/ZergsLaw/back-template/internal/adapters/session/session.go:59.73,61.16 2 2
github.com/ZergsLaw/back-template/internal/adapters/session/session.go:61.16,63.3 1 1
github.com/ZergsLaw/back-template/internal/adapters/session/session.go:65.2,65.12 1 1
github.com/ZergsLaw/back-template/internal/password/password.go:20.28,21.33 1 0
github.com/ZergsLaw/back-template/internal/password/password.go:21.33,23.3 1 0
github.com/ZergsLaw/back-template/internal/password/password.go:27.38,30.25 2 1
github.com/ZergsLaw/back-template/internal/password/password.go:30.25,32.3 1 0
github.com/ZergsLaw/back-template/internal/password/password.go:34.2,34.10 1 1
github.com/ZergsLaw/back-template/internal/password/password.go:38.55,40.16 2 1
github.com/ZergsLaw/back-template/internal/password/password.go:40.16,42.3 1 0
github.com/ZergsLaw/back-template/internal/password/password.go:44.2,44.17 1 1
github.com/ZergsLaw/back-template/internal/password/password.go:48.56,50.2 1 1
